#
# There is insufficient memory for the Java Runtime Environment to continue.
# Native memory allocation (mmap) failed to map 68157440 bytes for committing reserved memory.
# Possible reasons:
#   The system is out of physical RAM or swap space
#   In 32 bit mode, the process size limit was hit
# Possible solutions:
#   Reduce memory load on the system
#   Increase physical memory or swap space
#   Check if swap backing store is full
#   Use 64 bit Java on a 64 bit OS
#   Decrease Java heap size (-Xmx/-Xms)
#   Decrease number of Java threads
#   Decrease Java thread stack sizes (-Xss)
#   Set larger code cache with -XX:ReservedCodeCacheSize=
# This output file may be truncated or incomplete.
#
#  Out of Memory Error (os_linux.cpp:2627), pid=20444, tid=140314679936768
#
# JRE version: Java(TM) SE Runtime Environment (8.0_91-b14) (build 1.8.0_91-b14)
# Java VM: Java HotSpot(TM) 64-Bit Server VM (25.91-b14 mixed mode linux-amd64 compressed oops)
# Failed to write core dump. Core dumps have been disabled. To enable core dumping, try "ulimit -c unlimited" before starting Java again
#

---------------  T H R E A D  ---------------

Current thread (0x00007f9da0077800):  VMThread [stack: 0x00007f9d8e978000,0x00007f9d8ea79000] [id=20450]

Stack: [0x00007f9d8e978000,0x00007f9d8ea79000],  sp=0x00007f9d8ea772e0,  free space=1020k
Native frames: (J=compiled Java code, j=interpreted, Vv=VM code, C=native code)
V  [libjvm.so+0xabc18a]  VMError::report_and_die()+0x2ba
V  [libjvm.so+0x4fafeb]  report_vm_out_of_memory(char const*, int, unsigned long, VMErrorType, char const*)+0x8b
V  [libjvm.so+0x91cbb3]  os::Linux::commit_memory_impl(char*, unsigned long, bool)+0x103
V  [libjvm.so+0x91d109]  os::pd_commit_memory(char*, unsigned long, unsigned long, bool)+0x29
V  [libjvm.so+0x91740a]  os::commit_memory(char*, unsigned long, unsigned long, bool)+0x2a
V  [libjvm.so+0x98b033]  PSVirtualSpace::expand_by(unsigned long)+0x53
V  [libjvm.so+0x98c438]  PSYoungGen::resize_generation(unsigned long, unsigned long)+0xf8
V  [libjvm.so+0x98b592]  PSYoungGen::resize(unsigned long, unsigned long)+0x22
V  [libjvm.so+0x98886b]  PSScavenge::invoke_no_policy()+0xf3b
V  [libjvm.so+0x988ff1]  PSScavenge::invoke()+0x41
V  [libjvm.so+0x9408b0]  ParallelScavengeHeap::failed_mem_allocate(unsigned long)+0x70
V  [libjvm.so+0xabdba7]  VM_ParallelGCFailedAllocation::doit()+0x97
V  [libjvm.so+0xac55d5]  VM_Operation::evaluate()+0x55
V  [libjvm.so+0xac39aa]  VMThread::evaluate_operation(VM_Operation*)+0xba
V  [libjvm.so+0xac3d2e]  VMThread::loop()+0x1ce
V  [libjvm.so+0xac41a0]  VMThread::run()+0x70
V  [libjvm.so+0x91ef78]  java_start(Thread*)+0x108

VM_Operation (0x00007f9da8fd44d0): ParallelGCFailedAllocation, mode: safepoint, requested by thread 0x00007f9da0009800


---------------  P R O C E S S  ---------------

Java Threads: ( => current thread )
  0x00007f9da00c1000 JavaThread "Service Thread" daemon [_thread_blocked, id=20457, stack(0x00007f9d8daa1000,0x00007f9d8dba2000)]
  0x00007f9da00bd800 JavaThread "C1 CompilerThread2" daemon [_thread_blocked, id=20456, stack(0x00007f9d8dba2000,0x00007f9d8dca3000)]
  0x00007f9da00bc000 JavaThread "C2 CompilerThread1" daemon [_thread_blocked, id=20455, stack(0x00007f9d8dca3000,0x00007f9d8dda4000)]
  0x00007f9da00b9000 JavaThread "C2 CompilerThread0" daemon [_thread_blocked, id=20454, stack(0x00007f9d8dda4000,0x00007f9d8dea5000)]
  0x00007f9da00b7800 JavaThread "Signal Dispatcher" daemon [_thread_blocked, id=20453, stack(0x00007f9d8dea5000,0x00007f9d8dfa6000)]
  0x00007f9da0083800 JavaThread "Finalizer" daemon [_thread_blocked, id=20452, stack(0x00007f9d8e776000,0x00007f9d8e877000)]
  0x00007f9da007f000 JavaThread "Reference Handler" daemon [_thread_blocked, id=20451, stack(0x00007f9d8e877000,0x00007f9d8e978000)]
  0x00007f9da0009800 JavaThread "main" [_thread_blocked, id=20445, stack(0x00007f9da8ed5000,0x00007f9da8fd6000)]

Other Threads:
=>0x00007f9da0077800 VMThread [stack: 0x00007f9d8e978000,0x00007f9d8ea79000] [id=20450]
  0x00007f9da00c4000 WatcherThread [stack: 0x00007f9d8d9a0000,0x00007f9d8daa1000] [id=20458]

VM state:at safepoint (normal execution)

VM Mutex/Monitor currently owned by a thread:  ([mutex/lock_event])
[0x00007f9da0005d90] Threads_lock - owner thread: 0x00007f9da0077800
[0x00007f9da0006290] Heap_lock - owner thread: 0x00007f9da0009800

Heap:
 PSYoungGen      total 66048K, used 2560K [0x00000000ebb00000, 0x00000000efe00000, 0x0000000100000000)
  eden space 63488K, 0% used [0x00000000ebb00000,0x00000000ebb00000,0x00000000ef900000)
  from space 2560K, 100% used [0x00000000ef900000,0x00000000efb80000,0x00000000efb80000)
  to   space 2560K, 0% used [0x00000000efb80000,0x00000000efb80000,0x00000000efe00000)
 ParOldGen       total 42496K, used 1456K [0x00000000c3000000, 0x00000000c5980000, 0x00000000ebb00000)
  object space 42496K, 3% used [0x00000000c3000000,0x00000000c316c000,0x00000000c5980000)
 Metaspace       used 2712K, capacity 4664K, committed 4864K, reserved 1056768K
  class space    used 296K, capacity 424K, committed 512K, reserved 1048576K

Card table byte_map: [0x00007f9da5aa9000,0x00007f9da5c92000] byte_map_base: 0x00007f9da5491000

Marking Bits: (ParMarkBitMap*) 0x00007f9da83a8d60
 Begin Bits: [0x00007f9d8f180000, 0x00007f9d900c0000)
 End Bits:   [0x00007f9d900c0000, 0x00007f9d91000000)

Polling page: 0x00007f9da8ff1000

CodeCache: size=245760Kb used=1408Kb max_used=1408Kb free=244352Kb
 bounds [0x00007f9d91000000, 0x00007f9d91270000, 0x00007f9da0000000]
 total_blobs=403 nmethods=171 adapters=145
 compilation: enabled

Compilation events (10 events):
Event: 0.591 Thread 0x00007f9da00bd800  171       3       java.util.HashMap$HashIterator::<init> (79 bytes)
Event: 0.591 Thread 0x00007f9da00bd800 nmethod 171 0x00007f9d9115c8d0 code [0x00007f9d9115ca40, 0x00007f9d9115cdd0]
Event: 0.591 Thread 0x00007f9da00bd800  168       3       java.util.HashMap::keySet (27 bytes)
Event: 0.592 Thread 0x00007f9da00bd800 nmethod 168 0x00007f9d9115c1d0 code [0x00007f9d9115c360, 0x00007f9d9115c710]
Event: 0.592 Thread 0x00007f9da00bd800  169       3       java.util.HashMap$KeySet::iterator (12 bytes)
Event: 0.592 Thread 0x00007f9da00bd800 nmethod 169 0x00007f9d91159610 code [0x00007f9d91159780, 0x00007f9d911599e8]
Event: 0.592 Thread 0x00007f9da00bd800  172       3       wgl.CacheOrder::push (10 bytes)
Event: 0.593 Thread 0x00007f9da00bd800 nmethod 172 0x00007f9d9115bcd0 code [0x00007f9d9115be40, 0x00007f9d9115c0c8]
Event: 0.593 Thread 0x00007f9da00bd800  170       3       java.util.HashMap$KeyIterator::<init> (11 bytes)
Event: 0.593 Thread 0x00007f9da00bd800 nmethod 170 0x00007f9d9115b910 code [0x00007f9d9115ba80, 0x00007f9d9115bc28]

GC Heap History (9 events):
Event: 0.463 GC heap before
{Heap before GC invocations=1 (full 0):
 PSYoungGen      total 18432K, used 15872K [0x00000000ebb00000, 0x00000000ecf80000, 0x0000000100000000)
  eden space 15872K, 100% used [0x00000000ebb00000,0x00000000eca80000,0x00000000eca80000)
  from space 2560K, 0% used [0x00000000ecd00000,0x00000000ecd00000,0x00000000ecf80000)
  to   space 2560K, 0% used [0x00000000eca80000,0x00000000eca80000,0x00000000ecd00000)
 ParOldGen       total 42496K, used 0K [0x00000000c3000000, 0x00000000c5980000, 0x00000000ebb00000)
  object space 42496K, 0% used [0x00000000c3000000,0x00000000c3000000,0x00000000c5980000)
 Metaspace       used 2704K, capacity 4664K, committed 4864K, reserved 1056768K
  class space    used 296K, capacity 424K, committed 512K, reserved 1048576K
Event: 0.470 GC heap after
Heap after GC invocations=1 (full 0):
 PSYoungGen      total 18432K, used 1440K [0x00000000ebb00000, 0x00000000edf00000, 0x0000000100000000)
  eden space 15872K, 0% used [0x00000000ebb00000,0x00000000ebb00000,0x00000000eca80000)
  from space 2560K, 56% used [0x00000000eca80000,0x00000000ecbe8020,0x00000000ecd00000)
  to   space 2560K, 0% used [0x00000000edc80000,0x00000000edc80000,0x00000000edf00000)
 ParOldGen       total 42496K, used 8K [0x00000000c3000000, 0x00000000c5980000, 0x00000000ebb00000)
  object space 42496K, 0% used [0x00000000c3000000,0x00000000c3002000,0x00000000c5980000)
 Metaspace       used 2704K, capacity 4664K, committed 4864K, reserved 1056768K
  class space    used 296K, capacity 424K, committed 512K, reserved 1048576K
}
Event: 0.508 GC heap before
{Heap before GC invocations=2 (full 0):
 PSYoungGen      total 18432K, used 17312K [0x00000000ebb00000, 0x00000000edf00000, 0x0000000100000000)
  eden space 15872K, 100% used [0x00000000ebb00000,0x00000000eca80000,0x00000000eca80000)
  from space 2560K, 56% used [0x00000000eca80000,0x00000000ecbe8020,0x00000000ecd00000)
  to   space 2560K, 0% used [0x00000000edc80000,0x00000000edc80000,0x00000000edf00000)
 ParOldGen       total 42496K, used 8K [0x00000000c3000000, 0x00000000c5980000, 0x00000000ebb00000)
  object space 42496K, 0% used [0x00000000c3000000,0x00000000c3002000,0x00000000c5980000)
 Metaspace       used 2710K, capacity 4664K, committed 4864K, reserved 1056768K
  class space    used 296K, capacity 424K, committed 512K, reserved 1048576K
Event: 0.511 GC heap after
Heap after GC invocations=2 (full 0):
 PSYoungGen      total 34304K, used 1904K [0x00000000ebb00000, 0x00000000edf00000, 0x0000000100000000)
  eden space 31744K, 0% used [0x00000000ebb00000,0x00000000ebb00000,0x00000000eda00000)
  from space 2560K, 74% used [0x00000000edc80000,0x00000000ede5c010,0x00000000edf00000)
  to   space 2560K, 0% used [0x00000000eda00000,0x00000000eda00000,0x00000000edc80000)
 ParOldGen       total 42496K, used 16K [0x00000000c3000000, 0x00000000c5980000, 0x00000000ebb00000)
  object space 42496K, 0% used [0x00000000c3000000,0x00000000c3004000,0x00000000c5980000)
 Metaspace       used 2710K, capacity 4664K, committed 4864K, reserved 1056768K
  class space    used 296K, capacity 424K, committed 512K, reserved 1048576K
}
Event: 0.566 GC heap before
{Heap before GC invocations=3 (full 0):
 PSYoungGen      total 34304K, used 33648K [0x00000000ebb00000, 0x00000000edf00000, 0x0000000100000000)
  eden space 31744K, 100% used [0x00000000ebb00000,0x00000000eda00000,0x00000000eda00000)
  from space 2560K, 74% used [0x00000000edc80000,0x00000000ede5c010,0x00000000edf00000)
  to   space 2560K, 0% used [0x00000000eda00000,0x00000000eda00000,0x00000000edc80000)
 ParOldGen       total 42496K, used 16K [0x00000000c3000000, 0x00000000c5980000, 0x00000000ebb00000)
  object space 42496K, 0% used [0x00000000c3000000,0x00000000c3004000,0x00000000c5980000)
 Metaspace       used 2710K, capacity 4664K, committed 4864K, reserved 1056768K
  class space    used 296K, capacity 424K, committed 512K, reserved 1048576K
Event: 0.577 GC heap after
Heap after GC invocations=3 (full 0):
 PSYoungGen      total 34304K, used 2480K [0x00000000ebb00000, 0x00000000efe00000, 0x0000000100000000)
  eden space 31744K, 0% used [0x00000000ebb00000,0x00000000ebb00000,0x00000000eda00000)
  from space 2560K, 96% used [0x00000000eda00000,0x00000000edc6c010,0x00000000edc80000)
  to   space 2560K, 0% used [0x00000000efb80000,0x00000000efb80000,0x00000000efe00000)
 ParOldGen       total 42496K, used 24K [0x00000000c3000000, 0x00000000c5980000, 0x00000000ebb00000)
  object space 42496K, 0% used [0x00000000c3000000,0x00000000c3006000,0x00000000c5980000)
 Metaspace       used 2710K, capacity 4664K, committed 4864K, reserved 1056768K
  class space    used 296K, capacity 424K, committed 512K, reserved 1048576K
}
Event: 0.618 GC heap before
{Heap before GC invocations=4 (full 0):
 PSYoungGen      total 34304K, used 34224K [0x00000000ebb00000, 0x00000000efe00000, 0x0000000100000000)
  eden space 31744K, 100% used [0x00000000ebb00000,0x00000000eda00000,0x00000000eda00000)
  from space 2560K, 96% used [0x00000000eda00000,0x00000000edc6c010,0x00000000edc80000)
  to   space 2560K, 0% used [0x00000000efb80000,0x00000000efb80000,0x00000000efe00000)
 ParOldGen       total 42496K, used 24K [0x00000000c3000000, 0x00000000c5980000, 0x00000000ebb00000)
  object space 42496K, 0% used [0x00000000c3000000,0x00000000c3006000,0x00000000c5980000)
 Metaspace       used 2712K, capacity 4664K, committed 4864K, reserved 1056768K
  class space    used 296K, capacity 424K, committed 512K, reserved 1048576K
Event: 0.622 GC heap after
Heap after GC invocations=4 (full 0):
 PSYoungGen      total 66048K, used 2544K [0x00000000ebb00000, 0x00000000efe00000, 0x0000000100000000)
  eden space 63488K, 0% used [0x00000000ebb00000,0x00000000ebb00000,0x00000000ef900000)
  from space 2560K, 99% used [0x00000000efb80000,0x00000000efdfc010,0x00000000efe00000)
  to   space 2560K, 0% used [0x00000000ef900000,0x00000000ef900000,0x00000000efb80000)
 ParOldGen       total 42496K, used 528K [0x00000000c3000000, 0x00000000c5980000, 0x00000000ebb00000)
  object space 42496K, 1% used [0x00000000c3000000,0x00000000c3084000,0x00000000c5980000)
 Metaspace       used 2712K, capacity 4664K, committed 4864K, reserved 1056768K
  class space    used 296K, capacity 424K, committed 512K, reserved 1048576K
}
Event: 0.701 GC heap before
{Heap before GC invocations=5 (full 0):
 PSYoungGen      total 66048K, used 66032K [0x00000000ebb00000, 0x00000000efe00000, 0x0000000100000000)
  eden space 63488K, 100% used [0x00000000ebb00000,0x00000000ef900000,0x00000000ef900000)
  from space 2560K, 99% used [0x00000000efb80000,0x00000000efdfc010,0x00000000efe00000)
  to   space 2560K, 0% used [0x00000000ef900000,0x00000000ef900000,0x00000000efb80000)
 ParOldGen       total 42496K, used 528K [0x00000000c3000000, 0x00000000c5980000, 0x00000000ebb00000)
  object space 42496K, 1% used [0x00000000c3000000,0x00000000c3084000,0x00000000c5980000)
 Metaspace       used 2712K, capacity 4664K, committed 4864K, reserved 1056768K
  class space    used 296K, capacity 424K, committed 512K, reserved 1048576K

Deoptimization events (2 events):
Event: 0.438 Thread 0x00007f9da0009800 Uncommon trap: reason=unstable_if action=reinterpret pc=0x00007f9d9112fa5c method=java.lang.Integer.valueOf(I)Ljava/lang/Integer; @ 10
Event: 0.476 Thread 0x00007f9da0009800 Uncommon trap: reason=unstable_if action=reinterpret pc=0x00007f9d91140554 method=wgl.Linearized.compare(Lwgl/Linearized;)Z @ 10

Internal exceptions (3 events):
Event: 0.038 Thread 0x00007f9da0009800 Exception <a 'java/lang/NoSuchMethodError': Method sun.misc.Unsafe.defineClass(Ljava/lang/String;[BII)Ljava/lang/Class; name or signature does not match> (0x00000000ebb07cc0) thrown at [/HUDSON/workspace/8-2-build-linux-amd64/jdk8u91/6644/hotspot/src/shar
Event: 0.038 Thread 0x00007f9da0009800 Exception <a 'java/lang/NoSuchMethodError': Method sun.misc.Unsafe.prefetchRead(Ljava/lang/Object;J)V name or signature does not match> (0x00000000ebb07fa8) thrown at [/HUDSON/workspace/8-2-build-linux-amd64/jdk8u91/6644/hotspot/src/share/vm/prims/jni.cpp
Event: 0.279 Thread 0x00007f9da0009800 Exception <a 'java/io/FileNotFoundException'> (0x00000000ebb8ac70) thrown at [/HUDSON/workspace/8-2-build-linux-amd64/jdk8u91/6644/hotspot/src/share/vm/prims/jni.cpp, line 709]

Events (10 events):
Event: 0.622 Executing VM operation: ParallelGCFailedAllocation done
Event: 0.644 Thread 0x00007f9da0009800 DEOPT PACKING pc=0x00007f9d91147217 sp=0x00007f9da8fd4530
Event: 0.644 Thread 0x00007f9da0009800 DEOPT UNPACKING pc=0x00007f9d91047633 sp=0x00007f9da8fd4360 mode 0
Event: 0.650 Thread 0x00007f9da0009800 DEOPT PACKING pc=0x00007f9d91147217 sp=0x00007f9da8fd4530
Event: 0.650 Thread 0x00007f9da0009800 DEOPT UNPACKING pc=0x00007f9d91047633 sp=0x00007f9da8fd4360 mode 0
Event: 0.657 Thread 0x00007f9da0009800 DEOPT PACKING pc=0x00007f9d91147217 sp=0x00007f9da8fd4530
Event: 0.657 Thread 0x00007f9da0009800 DEOPT UNPACKING pc=0x00007f9d91047633 sp=0x00007f9da8fd4360 mode 0
Event: 0.678 Thread 0x00007f9da0009800 DEOPT PACKING pc=0x00007f9d91147217 sp=0x00007f9da8fd4530
Event: 0.678 Thread 0x00007f9da0009800 DEOPT UNPACKING pc=0x00007f9d91047633 sp=0x00007f9da8fd4360 mode 0
Event: 0.701 Executing VM operation: ParallelGCFailedAllocation


Dynamic libraries:
00400000-00401000 r-xp 00000000 08:08 280775                             /opt/jdk1.8.0_91/bin/java
00600000-00601000 rw-p 00000000 08:08 280775                             /opt/jdk1.8.0_91/bin/java
00bc4000-00be5000 rw-p 00000000 00:00 0                                  [heap]
c3000000-c5980000 rw-p 00000000 00:00 0 
c5980000-ebb00000 ---p 00000000 00:00 0 
ebb00000-efe00000 rw-p 00000000 00:00 0 
f3f00000-100000000 ---p 00000000 00:00 0 
100000000-100080000 rw-p 00000000 00:00 0 
100080000-140000000 ---p 00000000 00:00 0 
7f9d54000000-7f9d54021000 rw-p 00000000 00:00 0 
7f9d54021000-7f9d58000000 ---p 00000000 00:00 0 
7f9d5c000000-7f9d5c133000 rw-p 00000000 00:00 0 
7f9d5c133000-7f9d60000000 ---p 00000000 00:00 0 
7f9d60000000-7f9d60021000 rw-p 00000000 00:00 0 
7f9d60021000-7f9d64000000 ---p 00000000 00:00 0 
7f9d64000000-7f9d64267000 rw-p 00000000 00:00 0 
7f9d64267000-7f9d68000000 ---p 00000000 00:00 0 
7f9d68000000-7f9d6816c000 rw-p 00000000 00:00 0 
7f9d6816c000-7f9d6c000000 ---p 00000000 00:00 0 
7f9d6c000000-7f9d6c021000 rw-p 00000000 00:00 0 
7f9d6c021000-7f9d70000000 ---p 00000000 00:00 0 
7f9d70000000-7f9d70021000 rw-p 00000000 00:00 0 
7f9d70021000-7f9d74000000 ---p 00000000 00:00 0 
7f9d74000000-7f9d74021000 rw-p 00000000 00:00 0 
7f9d74021000-7f9d78000000 ---p 00000000 00:00 0 
7f9d78000000-7f9d78021000 rw-p 00000000 00:00 0 
7f9d78021000-7f9d7c000000 ---p 00000000 00:00 0 
7f9d7c000000-7f9d7c021000 rw-p 00000000 00:00 0 
7f9d7c021000-7f9d80000000 ---p 00000000 00:00 0 
7f9d80000000-7f9d80021000 rw-p 00000000 00:00 0 
7f9d80021000-7f9d84000000 ---p 00000000 00:00 0 
7f9d84000000-7f9d84021000 rw-p 00000000 00:00 0 
7f9d84021000-7f9d88000000 ---p 00000000 00:00 0 
7f9d88000000-7f9d88021000 rw-p 00000000 00:00 0 
7f9d88021000-7f9d8c000000 ---p 00000000 00:00 0 
7f9d8d71b000-7f9d8d9a0000 rw-p 00000000 00:00 0 
7f9d8d9a0000-7f9d8d9a1000 ---p 00000000 00:00 0 
7f9d8d9a1000-7f9d8daa1000 rw-p 00000000 00:00 0                          [stack:20458]
7f9d8daa1000-7f9d8daa4000 ---p 00000000 00:00 0 
7f9d8daa4000-7f9d8dba2000 rw-p 00000000 00:00 0                          [stack:20457]
7f9d8dba2000-7f9d8dba5000 ---p 00000000 00:00 0 
7f9d8dba5000-7f9d8dca3000 rw-p 00000000 00:00 0                          [stack:20456]
7f9d8dca3000-7f9d8dca6000 ---p 00000000 00:00 0 
7f9d8dca6000-7f9d8dda4000 rw-p 00000000 00:00 0                          [stack:20455]
7f9d8dda4000-7f9d8dda7000 ---p 00000000 00:00 0 
7f9d8dda7000-7f9d8dea5000 rw-p 00000000 00:00 0                          [stack:20454]
7f9d8dea5000-7f9d8dea8000 ---p 00000000 00:00 0 
7f9d8dea8000-7f9d8dfa6000 rw-p 00000000 00:00 0                          [stack:20453]
7f9d8dfa6000-7f9d8e776000 r--p 00000000 08:08 1054829                    /usr/lib/locale/locale-archive
7f9d8e776000-7f9d8e779000 ---p 00000000 00:00 0 
7f9d8e779000-7f9d8e877000 rw-p 00000000 00:00 0                          [stack:20452]
7f9d8e877000-7f9d8e87a000 ---p 00000000 00:00 0 
7f9d8e87a000-7f9d8e978000 rw-p 00000000 00:00 0                          [stack:20451]
7f9d8e978000-7f9d8e979000 ---p 00000000 00:00 0 
7f9d8e979000-7f9d91000000 rw-p 00000000 00:00 0                          [stack:20450]
7f9d91000000-7f9d91270000 rwxp 00000000 00:00 0 
7f9d91270000-7f9da0000000 ---p 00000000 00:00 0 
7f9da0000000-7f9da0125000 rw-p 00000000 00:00 0 
7f9da0125000-7f9da4000000 ---p 00000000 00:00 0 
7f9da406e000-7f9da4928000 rw-p 00000000 00:00 0 
7f9da4928000-7f9da4b01000 r--s 03d1f000 08:08 456820                     /opt/jdk1.8.0_91/jre/lib/rt.jar
7f9da4b01000-7f9da4fb7000 rw-p 00000000 00:00 0 
7f9da4fb7000-7f9da5377000 ---p 00000000 00:00 0 
7f9da5377000-7f9da555f000 rw-p 00000000 00:00 0 
7f9da555f000-7f9da5560000 ---p 00000000 00:00 0 
7f9da5560000-7f9da5660000 rw-p 00000000 00:00 0                          [stack:20449]
7f9da5660000-7f9da5661000 ---p 00000000 00:00 0 
7f9da5661000-7f9da5761000 rw-p 00000000 00:00 0                          [stack:20448]
7f9da5761000-7f9da5762000 ---p 00000000 00:00 0 
7f9da5762000-7f9da5862000 rw-p 00000000 00:00 0                          [stack:20447]
7f9da5862000-7f9da5863000 ---p 00000000 00:00 0 
7f9da5863000-7f9da5978000 rw-p 00000000 00:00 0                          [stack:20446]
7f9da5978000-7f9da5aa9000 ---p 00000000 00:00 0 
7f9da5aa9000-7f9da5abe000 rw-p 00000000 00:00 0 
7f9da5abe000-7f9da5bee000 ---p 00000000 00:00 0 
7f9da5bee000-7f9da5c10000 rw-p 00000000 00:00 0 
7f9da5c10000-7f9da5c91000 ---p 00000000 00:00 0 
7f9da5c91000-7f9da5c9c000 rw-p 00000000 00:00 0 
7f9da5c9c000-7f9da6052000 ---p 00000000 00:00 0 
7f9da6052000-7f9da606c000 r-xp 00000000 08:08 669918                     /opt/jdk1.8.0_91/jre/lib/amd64/libzip.so
7f9da606c000-7f9da626c000 ---p 0001a000 08:08 669918                     /opt/jdk1.8.0_91/jre/lib/amd64/libzip.so
7f9da626c000-7f9da626d000 rw-p 0001a000 08:08 669918                     /opt/jdk1.8.0_91/jre/lib/amd64/libzip.so
7f9da626d000-7f9da6278000 r-xp 00000000 08:08 544211                     /lib/x86_64-linux-gnu/libnss_files-2.19.so
7f9da6278000-7f9da6477000 ---p 0000b000 08:08 544211                     /lib/x86_64-linux-gnu/libnss_files-2.19.so
7f9da6477000-7f9da6478000 r--p 0000a000 08:08 544211                     /lib/x86_64-linux-gnu/libnss_files-2.19.so
7f9da6478000-7f9da6479000 rw-p 0000b000 08:08 544211                     /lib/x86_64-linux-gnu/libnss_files-2.19.so
7f9da6479000-7f9da6484000 r-xp 00000000 08:08 544861                     /lib/x86_64-linux-gnu/libnss_nis-2.19.so
7f9da6484000-7f9da6683000 ---p 0000b000 08:08 544861                     /lib/x86_64-linux-gnu/libnss_nis-2.19.so
7f9da6683000-7f9da6684000 r--p 0000a000 08:08 544861                     /lib/x86_64-linux-gnu/libnss_nis-2.19.so
7f9da6684000-7f9da6685000 rw-p 0000b000 08:08 544861                     /lib/x86_64-linux-gnu/libnss_nis-2.19.so
7f9da6685000-7f9da669c000 r-xp 00000000 08:08 544850                     /lib/x86_64-linux-gnu/libnsl-2.19.so
7f9da669c000-7f9da689b000 ---p 00017000 08:08 544850                     /lib/x86_64-linux-gnu/libnsl-2.19.so
7f9da689b000-7f9da689c000 r--p 00016000 08:08 544850                     /lib/x86_64-linux-gnu/libnsl-2.19.so
7f9da689c000-7f9da689d000 rw-p 00017000 08:08 544850                     /lib/x86_64-linux-gnu/libnsl-2.19.so
7f9da689d000-7f9da689f000 rw-p 00000000 00:00 0 
7f9da689f000-7f9da68a8000 r-xp 00000000 08:08 544849                     /lib/x86_64-linux-gnu/libnss_compat-2.19.so
7f9da68a8000-7f9da6aa7000 ---p 00009000 08:08 544849                     /lib/x86_64-linux-gnu/libnss_compat-2.19.so
7f9da6aa7000-7f9da6aa8000 r--p 00008000 08:08 544849                     /lib/x86_64-linux-gnu/libnss_compat-2.19.so
7f9da6aa8000-7f9da6aa9000 rw-p 00009000 08:08 544849                     /lib/x86_64-linux-gnu/libnss_compat-2.19.so
7f9da6aa9000-7f9da6ad3000 r-xp 00000000 08:08 669904                     /opt/jdk1.8.0_91/jre/lib/amd64/libjava.so
7f9da6ad3000-7f9da6cd3000 ---p 0002a000 08:08 669904                     /opt/jdk1.8.0_91/jre/lib/amd64/libjava.so
7f9da6cd3000-7f9da6cd5000 rw-p 0002a000 08:08 669904                     /opt/jdk1.8.0_91/jre/lib/amd64/libjava.so
7f9da6cd5000-7f9da6ce2000 r-xp 00000000 08:08 669939                     /opt/jdk1.8.0_91/jre/lib/amd64/libverify.so
7f9da6ce2000-7f9da6ee2000 ---p 0000d000 08:08 669939                     /opt/jdk1.8.0_91/jre/lib/amd64/libverify.so
7f9da6ee2000-7f9da6ee4000 rw-p 0000d000 08:08 669939                     /opt/jdk1.8.0_91/jre/lib/amd64/libverify.so
7f9da6ee4000-7f9da6eeb000 r-xp 00000000 08:08 544858                     /lib/x86_64-linux-gnu/librt-2.19.so
7f9da6eeb000-7f9da70ea000 ---p 00007000 08:08 544858                     /lib/x86_64-linux-gnu/librt-2.19.so
7f9da70ea000-7f9da70eb000 r--p 00006000 08:08 544858                     /lib/x86_64-linux-gnu/librt-2.19.so
7f9da70eb000-7f9da70ec000 rw-p 00007000 08:08 544858                     /lib/x86_64-linux-gnu/librt-2.19.so
7f9da70ec000-7f9da71f1000 r-xp 00000000 08:08 544210                     /lib/x86_64-linux-gnu/libm-2.19.so
7f9da71f1000-7f9da73f0000 ---p 00105000 08:08 544210                     /lib/x86_64-linux-gnu/libm-2.19.so
7f9da73f0000-7f9da73f1000 r--p 00104000 08:08 544210                     /lib/x86_64-linux-gnu/libm-2.19.so
7f9da73f1000-7f9da73f2000 rw-p 00105000 08:08 544210                     /lib/x86_64-linux-gnu/libm-2.19.so
7f9da73f2000-7f9da80b2000 r-xp 00000000 08:08 669909                     /opt/jdk1.8.0_91/jre/lib/amd64/server/libjvm.so
7f9da80b2000-7f9da82b2000 ---p 00cc0000 08:08 669909                     /opt/jdk1.8.0_91/jre/lib/amd64/server/libjvm.so
7f9da82b2000-7f9da838a000 rw-p 00cc0000 08:08 669909                     /opt/jdk1.8.0_91/jre/lib/amd64/server/libjvm.so
7f9da838a000-7f9da83d5000 rw-p 00000000 00:00 0 
7f9da83d5000-7f9da8590000 r-xp 00000000 08:08 544855                     /lib/x86_64-linux-gnu/libc-2.19.so
7f9da8590000-7f9da878f000 ---p 001bb000 08:08 544855                     /lib/x86_64-linux-gnu/libc-2.19.so
7f9da878f000-7f9da8793000 r--p 001ba000 08:08 544855                     /lib/x86_64-linux-gnu/libc-2.19.so
7f9da8793000-7f9da8795000 rw-p 001be000 08:08 544855                     /lib/x86_64-linux-gnu/libc-2.19.so
7f9da8795000-7f9da879a000 rw-p 00000000 00:00 0 
7f9da879a000-7f9da879d000 r-xp 00000000 08:08 544217                     /lib/x86_64-linux-gnu/libdl-2.19.so
7f9da879d000-7f9da899c000 ---p 00003000 08:08 544217                     /lib/x86_64-linux-gnu/libdl-2.19.so
7f9da899c000-7f9da899d000 r--p 00002000 08:08 544217                     /lib/x86_64-linux-gnu/libdl-2.19.so
7f9da899d000-7f9da899e000 rw-p 00003000 08:08 544217                     /lib/x86_64-linux-gnu/libdl-2.19.so
7f9da899e000-7f9da89b3000 r-xp 00000000 08:08 280917                     /opt/jdk1.8.0_91/lib/amd64/jli/libjli.so
7f9da89b3000-7f9da8bb3000 ---p 00015000 08:08 280917                     /opt/jdk1.8.0_91/lib/amd64/jli/libjli.so
7f9da8bb3000-7f9da8bb4000 rw-p 00015000 08:08 280917                     /opt/jdk1.8.0_91/lib/amd64/jli/libjli.so
7f9da8bb4000-7f9da8bcd000 r-xp 00000000 08:08 544856                     /lib/x86_64-linux-gnu/libpthread-2.19.so
7f9da8bcd000-7f9da8dcc000 ---p 00019000 08:08 544856                     /lib/x86_64-linux-gnu/libpthread-2.19.so
7f9da8dcc000-7f9da8dcd000 r--p 00018000 08:08 544856                     /lib/x86_64-linux-gnu/libpthread-2.19.so
7f9da8dcd000-7f9da8dce000 rw-p 00019000 08:08 544856                     /lib/x86_64-linux-gnu/libpthread-2.19.so
7f9da8dce000-7f9da8dd2000 rw-p 00000000 00:00 0 
7f9da8dd2000-7f9da8df5000 r-xp 00000000 08:08 544852                     /lib/x86_64-linux-gnu/ld-2.19.so
7f9da8dfc000-7f9da8ed5000 rw-p 00000000 00:00 0 
7f9da8ed5000-7f9da8ed8000 ---p 00000000 00:00 0 
7f9da8ed8000-7f9da8fda000 rw-p 00000000 00:00 0                          [stack:20445]
7f9da8fe7000-7f9da8fe8000 rw-p 00000000 00:00 0 
7f9da8fe8000-7f9da8ff0000 rw-s 00000000 08:08 800702                     /tmp/hsperfdata_xavi/20444
7f9da8ff0000-7f9da8ff1000 rw-p 00000000 00:00 0 
7f9da8ff1000-7f9da8ff2000 ---p 00000000 00:00 0 
7f9da8ff2000-7f9da8ff4000 rw-p 00000000 00:00 0 
7f9da8ff4000-7f9da8ff5000 r--p 00022000 08:08 544852                     /lib/x86_64-linux-gnu/ld-2.19.so
7f9da8ff5000-7f9da8ff6000 rw-p 00023000 08:08 544852                     /lib/x86_64-linux-gnu/ld-2.19.so
7f9da8ff6000-7f9da8ff7000 rw-p 00000000 00:00 0 
7fff0e77c000-7fff0e79d000 rw-p 00000000 00:00 0                          [stack]
7fff0e7fe000-7fff0e800000 r-xp 00000000 00:00 0                          [vdso]
ffffffffff600000-ffffffffff601000 r-xp 00000000 00:00 0                  [vsyscall]

VM Arguments:
java_command: wgl.Tester test wglconfig/pctdet_olqueue /home/xavi
java_class_path (initial): :.:/opt/jdk1.8.0_91/lib:/opt/jdk1.8.0_91/jre/lib:/opt/junit/junit-4.12.jar:/opt/hamcrest-core-1.3.jar:/home/xavi/VeriTrace1
Launcher Type: SUN_STANDARD

Environment Variables:
JAVA_HOME=/opt/jdk1.8.0_91
CLASSPATH=:.:/opt/jdk1.8.0_91/lib:/opt/jdk1.8.0_91/jre/lib:/opt/junit/junit-4.12.jar:/opt/hamcrest-core-1.3.jar:/home/xavi/VeriTrace1
PATH=/opt/jdk1.8.0_91/bin:/opt/jdk1.8.0_91/jre/bin:/usr/local/sbin:/usr/local/bin:/usr/sbin:/usr/bin:/sbin:/bin:/usr/games:/usr/local/games:/opt/apache-ant-1.9.7/bin
SHELL=/bin/bash
DISPLAY=:0

Signal Handlers:
SIGSEGV: [libjvm.so+0xabca10], sa_mask[0]=11111111011111111101111111111110, sa_flags=SA_RESTART|SA_SIGINFO
SIGBUS: [libjvm.so+0xabca10], sa_mask[0]=11111111011111111101111111111110, sa_flags=SA_RESTART|SA_SIGINFO
SIGFPE: [libjvm.so+0x919a20], sa_mask[0]=11111111011111111101111111111110, sa_flags=SA_RESTART|SA_SIGINFO
SIGPIPE: [libjvm.so+0x919a20], sa_mask[0]=11111111011111111101111111111110, sa_flags=SA_RESTART|SA_SIGINFO
SIGXFSZ: [libjvm.so+0x919a20], sa_mask[0]=11111111011111111101111111111110, sa_flags=SA_RESTART|SA_SIGINFO
SIGILL: [libjvm.so+0x919a20], sa_mask[0]=11111111011111111101111111111110, sa_flags=SA_RESTART|SA_SIGINFO
SIGUSR1: SIG_DFL, sa_mask[0]=00000000000000000000000000000000, sa_flags=none
SIGUSR2: [libjvm.so+0x91b050], sa_mask[0]=00000000000000000000000000000000, sa_flags=SA_RESTART|SA_SIGINFO
SIGHUP: [libjvm.so+0x91c450], sa_mask[0]=11111111011111111101111111111110, sa_flags=SA_RESTART|SA_SIGINFO
SIGINT: [libjvm.so+0x91c450], sa_mask[0]=11111111011111111101111111111110, sa_flags=SA_RESTART|SA_SIGINFO
SIGTERM: [libjvm.so+0x91c450], sa_mask[0]=11111111011111111101111111111110, sa_flags=SA_RESTART|SA_SIGINFO
SIGQUIT: [libjvm.so+0x91c450], sa_mask[0]=11111111011111111101111111111110, sa_flags=SA_RESTART|SA_SIGINFO


---------------  S Y S T E M  ---------------

OS:DISTRIB_ID=Ubuntu
DISTRIB_RELEASE=14.04
DISTRIB_CODENAME=trusty
DISTRIB_DESCRIPTION="Ubuntu 14.04.1 LTS"

uname:Linux 3.13.0-32-generic #57-Ubuntu SMP Tue Jul 15 03:51:08 UTC 2014 x86_64
libc:glibc 2.19 NPTL 2.19 
rlimit: STACK 8192k, CORE 0k, NPROC 31003, NOFILE 4096, AS infinity
load average:3.87 3.33 1.66

/proc/meminfo:
MemTotal:        3990004 kB
MemFree:          111612 kB
Buffers:             584 kB
Cached:           239468 kB
SwapCached:        36660 kB
Active:          2731804 kB
Inactive:         926512 kB
Active(anon):    2725368 kB
Inactive(anon):   914044 kB
Active(file):       6436 kB
Inactive(file):    12468 kB
Unevictable:          32 kB
Mlocked:              32 kB
SwapTotal:       3903484 kB
SwapFree:              0 kB
Dirty:                52 kB
Writeback:             0 kB
AnonPages:       3381700 kB
Mapped:            14292 kB
Shmem:            220912 kB
Slab:              56512 kB
SReclaimable:      23908 kB
SUnreclaim:        32604 kB
KernelStack:        5632 kB
PageTables:        43600 kB
NFS_Unstable:          0 kB
Bounce:                0 kB
WritebackTmp:          0 kB
CommitLimit:     5898484 kB
Committed_AS:   11581532 kB
VmallocTotal:   34359738367 kB
VmallocUsed:      404788 kB
VmallocChunk:   34359324668 kB
HardwareCorrupted:     0 kB
AnonHugePages:   1613824 kB
HugePages_Total:       0
HugePages_Free:        0
HugePages_Rsvd:        0
HugePages_Surp:        0
Hugepagesize:       2048 kB
DirectMap4k:       71936 kB
DirectMap2M:     4065280 kB


CPU:total 4 (2 cores per cpu, 2 threads per core) family 6 model 42 stepping 7, cmov, cx8, fxsr, mmx, sse, sse2, sse3, ssse3, sse4.1, sse4.2, popcnt, avx, clmul, ht, tsc, tscinvbit

/proc/cpuinfo:
processor	: 0
vendor_id	: GenuineIntel
cpu family	: 6
model		: 42
model name	: Intel(R) Core(TM) i3-2310M CPU @ 2.10GHz
stepping	: 7
microcode	: 0x23
cpu MHz		: 800.000
cache size	: 3072 KB
physical id	: 0
siblings	: 4
core id		: 0
cpu cores	: 2
apicid		: 0
initial apicid	: 0
fpu		: yes
fpu_exception	: yes
cpuid level	: 13
wp		: yes
flags		: fpu vme de pse tsc msr pae mce cx8 apic sep mtrr pge mca cmov pat pse36 clflush dts acpi mmx fxsr sse sse2 ss ht tm pbe syscall nx rdtscp lm constant_tsc arch_perfmon pebs bts rep_good nopl xtopology nonstop_tsc aperfmperf eagerfpu pni pclmulqdq dtes64 monitor ds_cpl vmx est tm2 ssse3 cx16 xtpr pdcm pcid sse4_1 sse4_2 x2apic popcnt tsc_deadline_timer xsave avx lahf_lm arat epb xsaveopt pln pts dtherm tpr_shadow vnmi flexpriority ept vpid
bogomips	: 4190.32
clflush size	: 64
cache_alignment	: 64
address sizes	: 36 bits physical, 48 bits virtual
power management:

processor	: 1
vendor_id	: GenuineIntel
cpu family	: 6
model		: 42
model name	: Intel(R) Core(TM) i3-2310M CPU @ 2.10GHz
stepping	: 7
microcode	: 0x23
cpu MHz		: 800.000
cache size	: 3072 KB
physical id	: 0
siblings	: 4
core id		: 0
cpu cores	: 2
apicid		: 1
initial apicid	: 1
fpu		: yes
fpu_exception	: yes
cpuid level	: 13
wp		: yes
flags		: fpu vme de pse tsc msr pae mce cx8 apic sep mtrr pge mca cmov pat pse36 clflush dts acpi mmx fxsr sse sse2 ss ht tm pbe syscall nx rdtscp lm constant_tsc arch_perfmon pebs bts rep_good nopl xtopology nonstop_tsc aperfmperf eagerfpu pni pclmulqdq dtes64 monitor ds_cpl vmx est tm2 ssse3 cx16 xtpr pdcm pcid sse4_1 sse4_2 x2apic popcnt tsc_deadline_timer xsave avx lahf_lm arat epb xsaveopt pln pts dtherm tpr_shadow vnmi flexpriority ept vpid
bogomips	: 4190.32
clflush size	: 64
cache_alignment	: 64
address sizes	: 36 bits physical, 48 bits virtual
power management:

processor	: 2
vendor_id	: GenuineIntel
cpu family	: 6
model		: 42
model name	: Intel(R) Core(TM) i3-2310M CPU @ 2.10GHz
stepping	: 7
microcode	: 0x23
cpu MHz		: 2100.000
cache size	: 3072 KB
physical id	: 0
siblings	: 4
core id		: 1
cpu cores	: 2
apicid		: 2
initial apicid	: 2
fpu		: yes
fpu_exception	: yes
cpuid level	: 13
wp		: yes
flags		: fpu vme de pse tsc msr pae mce cx8 apic sep mtrr pge mca cmov pat pse36 clflush dts acpi mmx fxsr sse sse2 ss ht tm pbe syscall nx rdtscp lm constant_tsc arch_perfmon pebs bts rep_good nopl xtopology nonstop_tsc aperfmperf eagerfpu pni pclmulqdq dtes64 monitor ds_cpl vmx est tm2 ssse3 cx16 xtpr pdcm pcid sse4_1 sse4_2 x2apic popcnt tsc_deadline_timer xsave avx lahf_lm arat epb xsaveopt pln pts dtherm tpr_shadow vnmi flexpriority ept vpid
bogomips	: 4190.32
clflush size	: 64
cache_alignment	: 64
address sizes	: 36 bits physical, 48 bits virtual
power management:

processor	: 3
vendor_id	: GenuineIntel
cpu family	: 6
model		: 42
model name	: Intel(R) Core(TM) i3-2310M CPU @ 2.10GHz
stepping	: 7
microcode	: 0x23
cpu MHz		: 800.000
cache size	: 3072 KB
physical id	: 0
siblings	: 4
core id		: 1
cpu cores	: 2
apicid		: 3
initial apicid	: 3
fpu		: yes
fpu_exception	: yes
cpuid level	: 13
wp		: yes
flags		: fpu vme de pse tsc msr pae mce cx8 apic sep mtrr pge mca cmov pat pse36 clflush dts acpi mmx fxsr sse sse2 ss ht tm pbe syscall nx rdtscp lm constant_tsc arch_perfmon pebs bts rep_good nopl xtopology nonstop_tsc aperfmperf eagerfpu pni pclmulqdq dtes64 monitor ds_cpl vmx est tm2 ssse3 cx16 xtpr pdcm pcid sse4_1 sse4_2 x2apic popcnt tsc_deadline_timer xsave avx lahf_lm arat epb xsaveopt pln pts dtherm tpr_shadow vnmi flexpriority ept vpid
bogomips	: 4190.32
clflush size	: 64
cache_alignment	: 64
address sizes	: 36 bits physical, 48 bits virtual
power management:



Memory: 4k page, physical 3990004k(111612k free), swap 3903484k(0k free)

vm_info: Java HotSpot(TM) 64-Bit Server VM (25.91-b14) for linux-amd64 JRE (1.8.0_91-b14), built on Apr  1 2016 00:57:21 by "java_re" with gcc 4.3.0 20080428 (Red Hat 4.3.0-8)

time: Mon Dec 19 05:35:49 2016
elapsed time: 3 seconds (0d 0h 0m 3s)

